# JRE version: OpenJDK Runtime Environment Zulu15.36+13-CA (15.0.5+3) (build 15.0.5+3-MTS)
# Java VM: OpenJDK 64-Bit Server VM Zulu15.36+13-CA (15.0.5+3-MTS, mixed mode, sharing, tiered, compressed oops, g1 gc, windows-amd64)
GC Precious Log:
 CPUs: 4 total, 4 available
 Memory: 16275M
 Large Page Support: Disabled
 NUMA Support: Disabled
 Compressed Oops: Enabled (Zero based)
 Heap Region Size: 2M
 Heap Min Capacity: 8M
 Heap Initial Capacity: 256M
 Heap Max Capacity: 4070M
 Pre-touch: Disabled
 Parallel Workers: 4
 Concurrent Workers: 1
 Concurrent Refinement Workers: 4
 Periodic GC: Disabled
Heap:
 garbage-first heap   total 63488K, used 24758K [0x0000000701a00000, 0x0000000800000000)
  region size 2048K, 7 young (14336K), 3 survivors (6144K)
 Metaspace       used 30311K, capacity 30726K, committed 30976K, reserved 1077248K
  class space    used 3832K, capacity 3977K, committed 4096K, reserved 1048576K
GC Heap History (18 events):
Event: 0.552 GC heap before
{Heap before GC invocations=0 (full 0):
 garbage-first heap   total 262144K, used 12288K [0x0000000701a00000, 0x0000000800000000)
  region size 2048K, 6 young (12288K), 0 survivors (0K)
 Metaspace       used 2213K, capacity 5059K, committed 5120K, reserved 1056768K
  class space    used 222K, capacity 473K, committed 512K, reserved 1048576K
}
Event: 0.599 GC heap after
{Heap after GC invocations=1 (full 0):
 garbage-first heap   total 262144K, used 5739K [0x0000000701a00000, 0x0000000800000000)
  region size 2048K, 1 young (2048K), 1 survivors (2048K)
 Metaspace       used 2213K, capacity 5059K, committed 5120K, reserved 1056768K
  class space    used 222K, capacity 473K, committed 512K, reserved 1048576K
}
Event: 1.298 GC heap before
{Heap before GC invocations=1 (full 0):
 garbage-first heap   total 262144K, used 13931K [0x0000000701a00000, 0x0000000800000000)
  region size 2048K, 6 young (12288K), 1 survivors (2048K)
 Metaspace       used 4253K, capacity 6125K, committed 6272K, reserved 1056768K
  class space    used 466K, capacity 614K, committed 640K, reserved 1048576K
}
Event: 1.301 GC heap after
{Heap after GC invocations=2 (full 0):
 garbage-first heap   total 262144K, used 8132K [0x0000000701a00000, 0x0000000800000000)
  region size 2048K, 1 young (2048K), 1 survivors (2048K)
 Metaspace       used 4253K, capacity 6125K, committed 6272K, reserved 1056768K
  class space    used 466K, capacity 614K, committed 640K, reserved 1048576K
}
Event: 2.489 GC heap before
{Heap before GC invocations=2 (full 0):
 garbage-first heap   total 262144K, used 26564K [0x0000000701a00000, 0x0000000800000000)
  region size 2048K, 10 young (20480K), 1 survivors (2048K)
 Metaspace       used 8948K, capacity 9711K, committed 9856K, reserved 1058816K
  class space    used 1052K, capacity 1122K, committed 1152K, reserved 1048576K
}
Event: 2.493 GC heap after
{Heap after GC invocations=3 (full 0):
 garbage-first heap   total 262144K, used 9492K [0x0000000701a00000, 0x0000000800000000)
  region size 2048K, 2 young (4096K), 2 survivors (4096K)
 Metaspace       used 8948K, capacity 9711K, committed 9856K, reserved 1058816K
  class space    used 1052K, capacity 1122K, committed 1152K, reserved 1048576K
}
Event: 7.012 GC heap before
{Heap before GC invocations=3 (full 0):
 garbage-first heap   total 262144K, used 68884K [0x0000000701a00000, 0x0000000800000000)
  region size 2048K, 32 young (65536K), 2 survivors (4096K)
 Metaspace       used 20816K, capacity 21097K, committed 21248K, reserved 1067008K
  class space    used 2599K, capacity 2694K, committed 2816K, reserved 1048576K
}
Event: 7.022 GC heap after
{Heap after GC invocations=4 (full 0):
 garbage-first heap   total 262144K, used 12842K [0x0000000701a00000, 0x0000000800000000)
  region size 2048K, 4 young (8192K), 4 survivors (8192K)
 Metaspace       used 20816K, capacity 21097K, committed 21248K, reserved 1067008K
  class space    used 2599K, capacity 2694K, committed 2816K, reserved 1048576K
}
Event: 7.115 GC heap before
{Heap before GC invocations=5 (full 0):
 garbage-first heap   total 55296K, used 51754K [0x0000000701a00000, 0x0000000800000000)
  region size 2048K, 24 young (49152K), 4 survivors (8192K)
 Metaspace       used 21028K, capacity 21289K, committed 21504K, reserved 1069056K
  class space    used 2620K, capacity 2694K, committed 2816K, reserved 1048576K
}
Event: 7.126 GC heap after
{Heap after GC invocations=6 (full 0):
 garbage-first heap   total 63488K, used 13086K [0x0000000701a00000, 0x0000000800000000)
  region size 2048K, 4 young (8192K), 4 survivors (8192K)
 Metaspace       used 21028K, capacity 21289K, committed 21504K, reserved 1069056K
  class space    used 2620K, capacity 2694K, committed 2816K, reserved 1048576K
}
Event: 7.134 GC heap before
{Heap before GC invocations=6 (full 0):
 garbage-first heap   total 63488K, used 39710K [0x0000000701a00000, 0x0000000800000000)
  region size 2048K, 18 young (36864K), 4 survivors (8192K)
 Metaspace       used 21028K, capacity 21289K, committed 21504K, reserved 1069056K
  class space    used 2620K, capacity 2694K, committed 2816K, reserved 1048576K
}
Event: 7.142 GC heap after
{Heap after GC invocations=7 (full 0):
 garbage-first heap   total 63488K, used 13504K [0x0000000701a00000, 0x0000000800000000)
  region size 2048K, 1 young (2048K), 1 survivors (2048K)
 Metaspace       used 21028K, capacity 21289K, committed 21504K, reserved 1069056K
  class space    used 2620K, capacity 2694K, committed 2816K, reserved 1048576K
}
Event: 9.041 GC heap before
{Heap before GC invocations=7 (full 0):
 garbage-first heap   total 63488K, used 42176K [0x0000000701a00000, 0x0000000800000000)
  region size 2048K, 16 young (32768K), 1 survivors (2048K)
 Metaspace       used 22688K, capacity 22993K, committed 23168K, reserved 1069056K
  class space    used 2801K, capacity 2895K, committed 2944K, reserved 1048576K
}
Event: 9.045 GC heap after
{Heap after GC invocations=8 (full 0):
 garbage-first heap   total 63488K, used 14401K [0x0000000701a00000, 0x0000000800000000)
  region size 2048K, 1 young (2048K), 1 survivors (2048K)
 Metaspace       used 22688K, capacity 22993K, committed 23168K, reserved 1069056K
  class space    used 2801K, capacity 2895K, committed 2944K, reserved 1048576K
}
Event: 10.917 GC heap before
{Heap before GC invocations=8 (full 0):
 garbage-first heap   total 63488K, used 45121K [0x0000000701a00000, 0x0000000800000000)
  region size 2048K, 17 young (34816K), 1 survivors (2048K)
 Metaspace       used 25723K, capacity 26104K, committed 26368K, reserved 1073152K
  class space    used 3181K, capacity 3303K, committed 3328K, reserved 1048576K
}
Event: 10.931 GC heap after
{Heap after GC invocations=9 (full 0):
 garbage-first heap   total 63488K, used 16198K [0x0000000701a00000, 0x0000000800000000)
  region size 2048K, 2 young (4096K), 2 survivors (4096K)
 Metaspace       used 25723K, capacity 26104K, committed 26368K, reserved 1073152K
  class space    used 3181K, capacity 3303K, committed 3328K, reserved 1048576K
}
Event: 13.405 GC heap before
{Heap before GC invocations=9 (full 0):
 garbage-first heap   total 63488K, used 46918K [0x0000000701a00000, 0x0000000800000000)
  region size 2048K, 17 young (34816K), 2 survivors (4096K)
 Metaspace       used 29532K, capacity 29900K, committed 29952K, reserved 1075200K
  class space    used 3706K, capacity 3808K, committed 3840K, reserved 1048576K
}
Event: 13.420 GC heap after
{Heap after GC invocations=10 (full 0):
 garbage-first heap   total 63488K, used 18614K [0x0000000701a00000, 0x0000000800000000)
  region size 2048K, 3 young (6144K), 3 survivors (6144K)
 Metaspace       used 29532K, capacity 29900K, committed 29952K, reserved 1075200K
  class space    used 3706K, capacity 3808K, committed 3840K, reserved 1048576K
}

